17-01-2023 13:35:47 - gabrielefabrispsicologo.com - ERROR - check_MD - 167 - Exception occurred
Traceback (most recent call last):
  File "C:\Users\Utente\Desktop\Visibility\CheckWidget\WidgetChecker.py", line 156, in check_MD
    self.outcome.allows_booking = MappingIndividual(url = self.md[0]['href']).mapping.value
                                  ^^^^^^^^^^^^^^^^^^^^^^^^^^^^^^^^^^^^^^^^^^^
  File "C:\Users\Utente\Desktop\Visibility\CheckWidget\MappingMD.py", line 53, in __init__
    super().__init__(url, profile_type = ProfileType.INDIVIDUAL)
  File "C:\Users\Utente\Desktop\Visibility\CheckWidget\MappingMD.py", line 29, in __init__
    self.r = requests.get(url= self.url_md, headers=headers_md)
             ^^^^^^^^^^^^^^^^^^^^^^^^^^^^^^^^^^^^^^^^^^^^^^^^^^
  File "C:\Users\Utente\AppData\Local\Programs\Python\Python311\Lib\site-packages\requests\api.py", line 73, in get
    return request("get", url, params=params, **kwargs)
           ^^^^^^^^^^^^^^^^^^^^^^^^^^^^^^^^^^^^^^^^^^^^
  File "C:\Users\Utente\AppData\Local\Programs\Python\Python311\Lib\site-packages\requests\api.py", line 59, in request
    return session.request(method=method, url=url, **kwargs)
           ^^^^^^^^^^^^^^^^^^^^^^^^^^^^^^^^^^^^^^^^^^^^^^^^^
  File "C:\Users\Utente\AppData\Local\Programs\Python\Python311\Lib\site-packages\requests\sessions.py", line 573, in request
    prep = self.prepare_request(req)
           ^^^^^^^^^^^^^^^^^^^^^^^^^
  File "C:\Users\Utente\AppData\Local\Programs\Python\Python311\Lib\site-packages\requests\sessions.py", line 484, in prepare_request
    p.prepare(
  File "C:\Users\Utente\AppData\Local\Programs\Python\Python311\Lib\site-packages\requests\models.py", line 368, in prepare
    self.prepare_url(url, params)
  File "C:\Users\Utente\AppData\Local\Programs\Python\Python311\Lib\site-packages\requests\models.py", line 439, in prepare_url
    raise MissingSchema(
requests.exceptions.MissingSchema: Invalid URL '//www.miodottore.it/gabriele-fabris/psicologo-psicologo-clinico/trieste?utm_source=widget-facility-36373&utm_medium=link" rel="nofollow" target="_blank">Prenota una visita</a>': No scheme supplied. Perhaps you meant https:////www.miodottore.it/gabriele-fabris/psicologo-psicologo-clinico/trieste?utm_source=widget-facility-36373&utm_medium=link" rel="nofollow" target="_blank">Prenota una visita</a>?
